gyp info it worked if it ends with ok
gyp info using node-gyp@1.0.3
gyp info using node@1.6.4 | darwin | x64
gyp info spawn python
gyp info spawn args [ '/usr/local/lib/node_modules/npm/node_modules/node-gyp/gyp/gyp_main.py',
gyp info spawn args   'binding.gyp',
gyp info spawn args   '-f',
gyp info spawn args   'make',
gyp info spawn args   '-I',
gyp info spawn args   '/Users/asafkatz/Documents/dev/challenge/node_modules/webpack-dev-server/node_modules/socket.io-client/node_modules/engine.io-client/node_modules/ws/build/config.gypi',
gyp info spawn args   '-I',
gyp info spawn args   '/usr/local/lib/node_modules/npm/node_modules/node-gyp/addon.gypi',
gyp info spawn args   '-I',
gyp info spawn args   '/Users/asafkatz/.node-gyp/1.6.4/common.gypi',
gyp info spawn args   '-Dlibrary=shared_library',
gyp info spawn args   '-Dvisibility=default',
gyp info spawn args   '-Dnode_root_dir=/Users/asafkatz/.node-gyp/1.6.4',
gyp info spawn args   '-Dmodule_root_dir=/Users/asafkatz/Documents/dev/challenge/node_modules/webpack-dev-server/node_modules/socket.io-client/node_modules/engine.io-client/node_modules/ws',
gyp info spawn args   '--depth=.',
gyp info spawn args   '--no-parallel',
gyp info spawn args   '--generator-output',
gyp info spawn args   'build',
gyp info spawn args   '-Goutput_dir=.' ]
gyp info spawn make
gyp info spawn args [ 'BUILDTYPE=Release', '-C', 'build' ]
In file included from ../src/bufferutil.cc:15:
/Users/asafkatz/Documents/dev/challenge/node_modules/webpack-dev-server/node_modules/socket.io-client/node_modules/engine.io-client/node_modules/ws/node_modules/nan/nan.h:213:5: error: no member named 'ThrowException' in namespace 'v8'
    _NAN_THROW_ERROR(v8::Exception::Error, errmsg);
    ^~~~~~~~~~~~~~~~~~~~~~~~~~~~~~~~~~~~~~~~~~~~~~
/Users/asafkatz/Documents/dev/challenge/node_modules/webpack-dev-server/node_modules/socket.io-client/node_modules/engine.io-client/node_modules/ws/node_modules/nan/nan.h:209:11: note: expanded from macro '_NAN_THROW_ERROR'
      v8::ThrowException(fun(v8::String::New(errmsg)));                        \
      ~~~~^
/Users/asafkatz/Documents/dev/challenge/node_modules/webpack-dev-server/node_modules/socket.io-client/node_modules/engine.io-client/node_modules/ws/node_modules/nan/nan.h:213:5: error: no member named 'New' in 'v8::String'
    _NAN_THROW_ERROR(v8::Exception::Error, errmsg);
    ^~~~~~~~~~~~~~~~~~~~~~~~~~~~~~~~~~~~~~~~~~~~~~
/Users/asafkatz/Documents/dev/challenge/node_modules/webpack-dev-server/node_modules/socket.io-client/node_modules/engine.io-client/node_modules/ws/node_modules/nan/nan.h:209:42: note: expanded from macro '_NAN_THROW_ERROR'
      v8::ThrowException(fun(v8::String::New(errmsg)));                        \
                             ~~~~~~~~~~~~^
/Users/asafkatz/Documents/dev/challenge/node_modules/webpack-dev-server/node_modules/socket.io-client/node_modules/engine.io-client/node_modules/ws/node_modules/nan/nan.h:218:9: error: no type named 'ThrowException' in namespace 'v8'
    v8::ThrowException(error);
    ~~~~^
/Users/asafkatz/Documents/dev/challenge/node_modules/webpack-dev-server/node_modules/socket.io-client/node_modules/engine.io-client/node_modules/ws/node_modules/nan/nan.h:222:65: error: no member named 'New' in 'v8::String'
    v8::Local<v8::Value> err = v8::Exception::Error(v8::String::New(msg));
                                                    ~~~~~~~~~~~~^
/Users/asafkatz/Documents/dev/challenge/node_modules/webpack-dev-server/node_modules/socket.io-client/node_modules/engine.io-client/node_modules/ws/node_modules/nan/nan.h:224:26: error: no member named 'New' in 'v8::String'
    obj->Set(v8::String::New("code"), v8::Int32::New(errorNumber));
             ~~~~~~~~~~~~^
/Users/asafkatz/Documents/dev/challenge/node_modules/webpack-dev-server/node_modules/socket.io-client/node_modules/engine.io-client/node_modules/ws/node_modules/nan/nan.h:224:65: error: too few arguments to function call, expected 2, have 1
    obj->Set(v8::String::New("code"), v8::Int32::New(errorNumber));
                                      ~~~~~~~~~~~~~~            ^
/Users/asafkatz/.node-gyp/1.6.4/deps/v8/include/v8.h:2305:3: note: 'New' declared here
  static Local<Integer> New(Isolate* isolate, int32_t value);
  ^
In file included from ../src/bufferutil.cc:15:
/Users/asafkatz/Documents/dev/challenge/node_modules/webpack-dev-server/node_modules/socket.io-client/node_modules/engine.io-client/node_modules/ws/node_modules/nan/nan.h:229:5: error: no member named 'ThrowException' in namespace 'v8'
    _NAN_THROW_ERROR(v8::Exception::TypeError, errmsg);
    ^~~~~~~~~~~~~~~~~~~~~~~~~~~~~~~~~~~~~~~~~~~~~~~~~~
/Users/asafkatz/Documents/dev/challenge/node_modules/webpack-dev-server/node_modules/socket.io-client/node_modules/engine.io-client/node_modules/ws/node_modules/nan/nan.h:209:11: note: expanded from macro '_NAN_THROW_ERROR'
      v8::ThrowException(fun(v8::String::New(errmsg)));                        \
      ~~~~^
/Users/asafkatz/Documents/dev/challenge/node_modules/webpack-dev-server/node_modules/socket.io-client/node_modules/engine.io-client/node_modules/ws/node_modules/nan/nan.h:229:5: error: no member named 'New' in 'v8::String'
    _NAN_THROW_ERROR(v8::Exception::TypeError, errmsg);
    ^~~~~~~~~~~~~~~~~~~~~~~~~~~~~~~~~~~~~~~~~~~~~~~~~~
/Users/asafkatz/Documents/dev/challenge/node_modules/webpack-dev-server/node_modules/socket.io-client/node_modules/engine.io-client/node_modules/ws/node_modules/nan/nan.h:209:42: note: expanded from macro '_NAN_THROW_ERROR'
      v8::ThrowException(fun(v8::String::New(errmsg)));                        \
                             ~~~~~~~~~~~~^
/Users/asafkatz/Documents/dev/challenge/node_modules/webpack-dev-server/node_modules/socket.io-client/node_modules/engine.io-client/node_modules/ws/node_modules/nan/nan.h:233:5: error: no member named 'ThrowException' in namespace 'v8'
    _NAN_THROW_ERROR(v8::Exception::RangeError, errmsg);
    ^~~~~~~~~~~~~~~~~~~~~~~~~~~~~~~~~~~~~~~~~~~~~~~~~~~
/Users/asafkatz/Documents/dev/challenge/node_modules/webpack-dev-server/node_modules/socket.io-client/node_modules/engine.io-client/node_modules/ws/node_modules/nan/nan.h:209:11: note: expanded from macro '_NAN_THROW_ERROR'
      v8::ThrowException(fun(v8::String::New(errmsg)));                        \
      ~~~~^
/Users/asafkatz/Documents/dev/challenge/node_modules/webpack-dev-server/node_modules/socket.io-client/node_modules/engine.io-client/node_modules/ws/node_modules/nan/nan.h:233:5: error: no member named 'New' in 'v8::String'
    _NAN_THROW_ERROR(v8::Exception::RangeError, errmsg);
    ^~~~~~~~~~~~~~~~~~~~~~~~~~~~~~~~~~~~~~~~~~~~~~~~~~~
/Users/asafkatz/Documents/dev/challenge/node_modules/webpack-dev-server/node_modules/socket.io-client/node_modules/engine.io-client/node_modules/ws/node_modules/nan/nan.h:209:42: note: expanded from macro '_NAN_THROW_ERROR'
      v8::ThrowException(fun(v8::String::New(errmsg)));                        \
                             ~~~~~~~~~~~~^
/Users/asafkatz/Documents/dev/challenge/node_modules/webpack-dev-server/node_modules/socket.io-client/node_modules/engine.io-client/node_modules/ws/node_modules/nan/nan.h:450:49: error: too few arguments to function call, single argument 'isolate' was not specified
    v8::Local<v8::Object> obj = v8::Object::New();
                                ~~~~~~~~~~~~~~~ ^
/Users/asafkatz/.node-gyp/1.6.4/deps/v8/include/v8.h:2692:3: note: 'New' declared here
  static Local<Object> New(Isolate* isolate);
  ^
In file included from ../src/bufferutil.cc:15:
/Users/asafkatz/Documents/dev/challenge/node_modules/webpack-dev-server/node_modules/socket.io-client/node_modules/engine.io-client/node_modules/ws/node_modules/nan/nan.h:451:14: error: no member named 'NewSymbol' in 'v8::String'; did you mean 'IsSymbol'?
    obj->Set(NanSymbol("callback"), fn);
             ^~~~~~~~~~~~~~~~~~~~~
/Users/asafkatz/Documents/dev/challenge/node_modules/webpack-dev-server/node_modules/socket.io-client/node_modules/engine.io-client/node_modules/ws/node_modules/nan/nan.h:103:38: note: expanded from macro 'NanSymbol'
#define NanSymbol(value) v8::String::NewSymbol(value)
                         ~~~~~~~~~~~~^
/Users/asafkatz/.node-gyp/1.6.4/deps/v8/include/v8.h:1587:8: note: 'IsSymbol' declared here
  bool IsSymbol() const;
       ^
In file included from ../src/bufferutil.cc:15:
/Users/asafkatz/Documents/dev/challenge/node_modules/webpack-dev-server/node_modules/socket.io-client/node_modules/engine.io-client/node_modules/ws/node_modules/nan/nan.h:451:14: error: call to non-static member function without an object argument
    obj->Set(NanSymbol("callback"), fn);
             ^~~~~~~~~~~~~~~~~~~~~
/Users/asafkatz/Documents/dev/challenge/node_modules/webpack-dev-server/node_modules/socket.io-client/node_modules/engine.io-client/node_modules/ws/node_modules/nan/nan.h:103:38: note: expanded from macro 'NanSymbol'
#define NanSymbol(value) v8::String::NewSymbol(value)
                         ~~~~~~~~~~~~^~~~~~~~~
/Users/asafkatz/Documents/dev/challenge/node_modules/webpack-dev-server/node_modules/socket.io-client/node_modules/engine.io-client/node_modules/ws/node_modules/nan/nan.h:457:12: error: no member named 'Dispose' in 'v8::Persistent<v8::Object, v8::NonCopyablePersistentTraits<v8::Object> >'
    handle.Dispose();
    ~~~~~~ ^
/Users/asafkatz/Documents/dev/challenge/node_modules/webpack-dev-server/node_modules/socket.io-client/node_modules/engine.io-client/node_modules/ws/node_modules/nan/nan.h:458:12: error: no member named 'Clear' in 'v8::Persistent<v8::Object, v8::NonCopyablePersistentTraits<v8::Object> >'
    handle.Clear();
    ~~~~~~ ^
/Users/asafkatz/Documents/dev/challenge/node_modules/webpack-dev-server/node_modules/socket.io-client/node_modules/engine.io-client/node_modules/ws/node_modules/nan/nan.h:462:46: error: no member named 'NewSymbol' in 'v8::String'; did you mean 'IsSymbol'?
    return NanPersistentToLocal(handle)->Get(NanSymbol("callback"))
                                             ^~~~~~~~~~~~~~~~~~~~~
/Users/asafkatz/Documents/dev/challenge/node_modules/webpack-dev-server/node_modules/socket.io-client/node_modules/engine.io-client/node_modules/ws/node_modules/nan/nan.h:103:38: note: expanded from macro 'NanSymbol'
#define NanSymbol(value) v8::String::NewSymbol(value)
                         ~~~~~~~~~~~~^
/Users/asafkatz/.node-gyp/1.6.4/deps/v8/include/v8.h:1587:8: note: 'IsSymbol' declared here
  bool IsSymbol() const;
       ^
In file included from ../src/bufferutil.cc:15:
/Users/asafkatz/Documents/dev/challenge/node_modules/webpack-dev-server/node_modules/socket.io-client/node_modules/engine.io-client/node_modules/ws/node_modules/nan/nan.h:462:46: error: call to non-static member function without an object argument
    return NanPersistentToLocal(handle)->Get(NanSymbol("callback"))
                                             ^~~~~~~~~~~~~~~~~~~~~
/Users/asafkatz/Documents/dev/challenge/node_modules/webpack-dev-server/node_modules/socket.io-client/node_modules/engine.io-client/node_modules/ws/node_modules/nan/nan.h:103:38: note: expanded from macro 'NanSymbol'
#define NanSymbol(value) v8::String::NewSymbol(value)
                         ~~~~~~~~~~~~^~~~~~~~~
/Users/asafkatz/Documents/dev/challenge/node_modules/webpack-dev-server/node_modules/socket.io-client/node_modules/engine.io-client/node_modules/ws/node_modules/nan/nan.h:463:25: error: expected '(' for function-style cast or type construction
        .As<v8::Function>();
            ~~~~~~~~~~~~^
/Users/asafkatz/Documents/dev/challenge/node_modules/webpack-dev-server/node_modules/socket.io-client/node_modules/engine.io-client/node_modules/ws/node_modules/nan/nan.h:463:27: error: expected expression
        .As<v8::Function>();
                          ^
fatal error: too many errors emitted, stopping now [-ferror-limit=]
20 errors generated.
make: *** [Release/obj.target/bufferutil/src/bufferutil.o] Error 1
gyp ERR! build error 
gyp ERR! stack Error: `make` failed with exit code: 2
gyp ERR! stack     at ChildProcess.onExit (/usr/local/lib/node_modules/npm/node_modules/node-gyp/lib/build.js:269:23)
gyp ERR! stack     at emitTwo (events.js:87:13)
gyp ERR! stack     at ChildProcess.emit (events.js:169:7)
gyp ERR! stack     at Process.ChildProcess._handle.onexit (child_process.js:1044:12)
gyp ERR! System Darwin 14.3.0
gyp ERR! command "/usr/local/bin/iojs" "/usr/local/lib/node_modules/npm/node_modules/node-gyp/bin/node-gyp.js" "rebuild"
gyp ERR! cwd /Users/asafkatz/Documents/dev/challenge/node_modules/webpack-dev-server/node_modules/socket.io-client/node_modules/engine.io-client/node_modules/ws
gyp ERR! node -v v1.6.4
gyp ERR! node-gyp -v v1.0.3
gyp ERR! not ok 
